10:39:08.030 [main] INFO  testCases.TC_001_AccountRegistrationTest - Provided First Name 
10:39:08.191 [main] INFO  testCases.TC_001_AccountRegistrationTest - Provided Last Name 
10:39:08.353 [main] INFO  testCases.TC_001_AccountRegistrationTest - Provided Email 
10:39:08.478 [main] INFO  testCases.TC_001_AccountRegistrationTest - Provided Password 
10:39:08.519 [main] INFO  testCases.TC_001_AccountRegistrationTest - Set Privacy Policy 
10:39:08.599 [main] INFO  testCases.TC_001_AccountRegistrationTest - Clicked on Continue 
10:39:10.690 [main] INFO  testCases.TC_001_AccountRegistrationTest - Finished TC_001_AccountRegistrationtTest
10:39:13.930 [main] INFO  testCases.TC_002_LoginTest - Starting TC_002_LoginTest
10:39:16.028 [main] INFO  testCases.TC_002_LoginTest -  Finished TC_002_LoginTest
10:41:18.737 [main] INFO  testCases.TC_001_AccountRegistrationTest - Strating TC_001_AccountRegistrationtTest
10:41:19.094 [main] INFO  testCases.TC_001_AccountRegistrationTest - Clicked on My Account 
10:41:19.878 [main] INFO  testCases.TC_001_AccountRegistrationTest - Clicked on Register 
10:41:20.010 [main] INFO  testCases.TC_001_AccountRegistrationTest - Provided First Name 
10:41:20.177 [main] INFO  testCases.TC_001_AccountRegistrationTest - Provided Last Name 
10:41:20.336 [main] INFO  testCases.TC_001_AccountRegistrationTest - Provided Email 
10:41:20.487 [main] INFO  testCases.TC_001_AccountRegistrationTest - Provided Password 
10:41:20.535 [main] INFO  testCases.TC_001_AccountRegistrationTest - Set Privacy Policy 
10:41:20.622 [main] INFO  testCases.TC_001_AccountRegistrationTest - Clicked on Continue 
10:41:22.710 [main] INFO  testCases.TC_001_AccountRegistrationTest - Finished TC_001_AccountRegistrationtTest
10:41:25.294 [main] INFO  testCases.TC_002_LoginTest - Starting TC_002_LoginTest
10:41:27.557 [main] INFO  testCases.TC_002_LoginTest -  Finished TC_002_LoginTest
